0 info it worked if it ends with ok
1 verbose cli [ 'node', '/usr/local/bin/npm', 'start' ]
2 info using npm@1.4.13
3 info using node@v0.10.28
4 verbose node symlink /usr/local/bin/node
5 verbose run-script [ 'prestart', 'start', 'poststart' ]
6 info prestart Switcharoo@0.0.1
7 info start Switcharoo@0.0.1
8 verbose unsafe-perm in lifecycle true
9 info Switcharoo@0.0.1 Failed to exec start script
10 error Switcharoo@0.0.1 start: `node index.js`
10 error Exit status 8
11 error Failed at the Switcharoo@0.0.1 start script.
11 error This is most likely a problem with the Switcharoo package,
11 error not with npm itself.
11 error Tell the author that this fails on your system:
11 error     node index.js
11 error You can get their info via:
11 error     npm owner ls Switcharoo
11 error There is likely additional logging output above.
12 error System Darwin 13.2.0
13 error command "node" "/usr/local/bin/npm" "start"
14 error cwd /Users/bendiksolheim/dev/javabin/Switcharoo
15 error node -v v0.10.28
16 error npm -v 1.4.13
17 error code ELIFECYCLE
18 verbose exit [ 1, true ]
